# JRE version: OpenJDK Runtime Environment Temurin-21.0.11+10 (21.0.11+10) (build 21.0.11+10-LTS)
# Java VM: OpenJDK 64-Bit Server VM Temurin-21.0.11+10 (21.0.11+10-LTS, mixed mode, sharing, tiered, compressed oops, compressed class ptrs, parallel gc, windows-amd64)
GC Precious Log:
 CardTable entry size: 512
 CPUs: 8 total, 8 available
 Memory: 7959M
 Large Page Support: Disabled
 NUMA Support: Disabled
 Compressed Oops: Enabled (32-bit)
 Alignments: Space 512K, Generation 512K, Heap 2M
 Heap Min Capacity: 100M
 Heap Initial Capacity: 100M
 Heap Max Capacity: 2G
 Pre-touch: Disabled
 Parallel Workers: 8
Heap:
 PSYoungGen      total 55296K, used 39452K [0x00000000d5580000, 0x00000000d9480000, 0x0000000100000000)
  eden space 54784K, 71% used [0x00000000d5580000,0x00000000d7baf160,0x00000000d8b00000)
  from space 512K, 68% used [0x00000000d9400000,0x00000000d9458000,0x00000000d9480000)
  to   space 4096K, 0% used [0x00000000d8c80000,0x00000000d8c80000,0x00000000d9080000)
 ParOldGen       total 287744K, used 107597K [0x0000000080000000, 0x0000000091900000, 0x00000000d5580000)
  object space 287744K, 37% used [0x0000000080000000,0x0000000086913718,0x0000000091900000)
 Metaspace       used 70593K, committed 72128K, reserved 1114112K
  class space    used 6974K, committed 7680K, reserved 1048576K
GC Heap History (20 events):
Event: 189.206 GC heap before
{Heap before GC invocations=430 (full 4):
 PSYoungGen      total 65024K, used 65009K [0x00000000d5580000, 0x00000000dab00000, 0x0000000100000000)
  eden space 45056K, 99% used [0x00000000d5580000,0x00000000d817f748,0x00000000d8180000)
  from space 19968K, 99% used [0x00000000d8180000,0x00000000d94fcfb8,0x00000000d9500000)
  to   space 20992K, 0% used [0x00000000d9680000,0x00000000d9680000,0x00000000dab00000)
 ParOldGen       total 275968K, used 275536K [0x0000000080000000, 0x0000000090d80000, 0x00000000d5580000)
  object space 275968K, 99% used [0x0000000080000000,0x0000000090d14088,0x0000000090d80000)
 Metaspace       used 69774K, committed 71296K, reserved 1114112K
  class space    used 6902K, committed 7616K, reserved 1048576K
}
Event: 189.226 GC heap after
{Heap after GC invocations=430 (full 4):
 PSYoungGen      total 62976K, used 20988K [0x00000000d5580000, 0x00000000db400000, 0x0000000100000000)
  eden space 41984K, 0% used [0x00000000d5580000,0x00000000d5580000,0x00000000d7e80000)
  from space 20992K, 99% used [0x00000000d9680000,0x00000000daaff1e8,0x00000000dab00000)
  to   space 24576K, 0% used [0x00000000d7e80000,0x00000000d7e80000,0x00000000d9680000)
 ParOldGen       total 278528K, used 278269K [0x0000000080000000, 0x0000000091000000, 0x00000000d5580000)
  object space 278528K, 99% used [0x0000000080000000,0x0000000090fbf530,0x0000000091000000)
 Metaspace       used 69774K, committed 71296K, reserved 1114112K
  class space    used 6902K, committed 7616K, reserved 1048576K
}
Event: 189.334 GC heap before
{Heap before GC invocations=431 (full 4):
 PSYoungGen      total 62976K, used 62972K [0x00000000d5580000, 0x00000000db400000, 0x0000000100000000)
  eden space 41984K, 100% used [0x00000000d5580000,0x00000000d7e80000,0x00000000d7e80000)
  from space 20992K, 99% used [0x00000000d9680000,0x00000000daaff1e8,0x00000000dab00000)
  to   space 24576K, 0% used [0x00000000d7e80000,0x00000000d7e80000,0x00000000d9680000)
 ParOldGen       total 278528K, used 278269K [0x0000000080000000, 0x0000000091000000, 0x00000000d5580000)
  object space 278528K, 99% used [0x0000000080000000,0x0000000090fbf530,0x0000000091000000)
 Metaspace       used 69774K, committed 71296K, reserved 1114112K
  class space    used 6902K, committed 7616K, reserved 1048576K
}
Event: 189.352 GC heap after
{Heap after GC invocations=431 (full 4):
 PSYoungGen      total 66560K, used 22269K [0x00000000d5580000, 0x00000000dae80000, 0x0000000100000000)
  eden space 41984K, 0% used [0x00000000d5580000,0x00000000d5580000,0x00000000d7e80000)
  from space 24576K, 90% used [0x00000000d7e80000,0x00000000d943f4e8,0x00000000d9680000)
  to   space 23040K, 0% used [0x00000000d9800000,0x00000000d9800000,0x00000000dae80000)
 ParOldGen       total 279552K, used 279207K [0x0000000080000000, 0x0000000091100000, 0x00000000d5580000)
  object space 279552K, 99% used [0x0000000080000000,0x00000000910a9f20,0x0000000091100000)
 Metaspace       used 69774K, committed 71296K, reserved 1114112K
  class space    used 6902K, committed 7616K, reserved 1048576K
}
Event: 189.621 GC heap before
{Heap before GC invocations=432 (full 4):
 PSYoungGen      total 66560K, used 64253K [0x00000000d5580000, 0x00000000dae80000, 0x0000000100000000)
  eden space 41984K, 100% used [0x00000000d5580000,0x00000000d7e80000,0x00000000d7e80000)
  from space 24576K, 90% used [0x00000000d7e80000,0x00000000d943f4e8,0x00000000d9680000)
  to   space 23040K, 0% used [0x00000000d9800000,0x00000000d9800000,0x00000000dae80000)
 ParOldGen       total 279552K, used 279207K [0x0000000080000000, 0x0000000091100000, 0x00000000d5580000)
  object space 279552K, 99% used [0x0000000080000000,0x00000000910a9f20,0x0000000091100000)
 Metaspace       used 69776K, committed 71296K, reserved 1114112K
  class space    used 6902K, committed 7616K, reserved 1048576K
}
Event: 189.636 GC heap after
{Heap after GC invocations=432 (full 4):
 PSYoungGen      total 60416K, used 15815K [0x00000000d5580000, 0x00000000da780000, 0x0000000100000000)
  eden space 44544K, 0% used [0x00000000d5580000,0x00000000d5580000,0x00000000d8100000)
  from space 15872K, 99% used [0x00000000d9800000,0x00000000da771df0,0x00000000da780000)
  to   space 18432K, 0% used [0x00000000d8380000,0x00000000d8380000,0x00000000d9580000)
 ParOldGen       total 279552K, used 279207K [0x0000000080000000, 0x0000000091100000, 0x00000000d5580000)
  object space 279552K, 99% used [0x0000000080000000,0x00000000910a9f20,0x0000000091100000)
 Metaspace       used 69776K, committed 71296K, reserved 1114112K
  class space    used 6902K, committed 7616K, reserved 1048576K
}
Event: 190.149 GC heap before
{Heap before GC invocations=433 (full 4):
 PSYoungGen      total 60416K, used 60359K [0x00000000d5580000, 0x00000000da780000, 0x0000000100000000)
  eden space 44544K, 100% used [0x00000000d5580000,0x00000000d8100000,0x00000000d8100000)
  from space 15872K, 99% used [0x00000000d9800000,0x00000000da771df0,0x00000000da780000)
  to   space 18432K, 0% used [0x00000000d8380000,0x00000000d8380000,0x00000000d9580000)
 ParOldGen       total 279552K, used 279207K [0x0000000080000000, 0x0000000091100000, 0x00000000d5580000)
  object space 279552K, 99% used [0x0000000080000000,0x00000000910a9f20,0x0000000091100000)
 Metaspace       used 69776K, committed 71296K, reserved 1114112K
  class space    used 6902K, committed 7616K, reserved 1048576K
}
Event: 190.169 GC heap after
{Heap after GC invocations=433 (full 4):
 PSYoungGen      total 65536K, used 18415K [0x00000000d5580000, 0x00000000da980000, 0x0000000100000000)
  eden space 47104K, 0% used [0x00000000d5580000,0x00000000d5580000,0x00000000d8380000)
  from space 18432K, 99% used [0x00000000d8380000,0x00000000d957bf08,0x00000000d9580000)
  to   space 19456K, 0% used [0x00000000d9680000,0x00000000d9680000,0x00000000da980000)
 ParOldGen       total 279552K, used 279407K [0x0000000080000000, 0x0000000091100000, 0x00000000d5580000)
  object space 279552K, 99% used [0x0000000080000000,0x00000000910dbf20,0x0000000091100000)
 Metaspace       used 69776K, committed 71296K, reserved 1114112K
  class space    used 6902K, committed 7616K, reserved 1048576K
}
Event: 190.765 GC heap before
{Heap before GC invocations=434 (full 4):
 PSYoungGen      total 65536K, used 65519K [0x00000000d5580000, 0x00000000da980000, 0x0000000100000000)
  eden space 47104K, 100% used [0x00000000d5580000,0x00000000d8380000,0x00000000d8380000)
  from space 18432K, 99% used [0x00000000d8380000,0x00000000d957bf08,0x00000000d9580000)
  to   space 19456K, 0% used [0x00000000d9680000,0x00000000d9680000,0x00000000da980000)
 ParOldGen       total 279552K, used 279407K [0x0000000080000000, 0x0000000091100000, 0x00000000d5580000)
  object space 279552K, 99% used [0x0000000080000000,0x00000000910dbf20,0x0000000091100000)
 Metaspace       used 69808K, committed 71360K, reserved 1114112K
  class space    used 6902K, committed 7616K, reserved 1048576K
}
Event: 190.782 GC heap after
{Heap after GC invocations=434 (full 4):
 PSYoungGen      total 62464K, used 11962K [0x00000000d5580000, 0x00000000da300000, 0x0000000100000000)
  eden space 49664K, 0% used [0x00000000d5580000,0x00000000d5580000,0x00000000d8600000)
  from space 12800K, 93% used [0x00000000d9680000,0x00000000da22ebf0,0x00000000da300000)
  to   space 14848K, 0% used [0x00000000d8600000,0x00000000d8600000,0x00000000d9480000)
 ParOldGen       total 285696K, used 285693K [0x0000000080000000, 0x0000000091700000, 0x00000000d5580000)
  object space 285696K, 99% used [0x0000000080000000,0x00000000916ff618,0x0000000091700000)
 Metaspace       used 69808K, committed 71360K, reserved 1114112K
  class space    used 6902K, committed 7616K, reserved 1048576K
}
Event: 190.884 GC heap before
{Heap before GC invocations=435 (full 4):
 PSYoungGen      total 62464K, used 61613K [0x00000000d5580000, 0x00000000da300000, 0x0000000100000000)
  eden space 49664K, 99% used [0x00000000d5580000,0x00000000d85fca40,0x00000000d8600000)
  from space 12800K, 93% used [0x00000000d9680000,0x00000000da22ebf0,0x00000000da300000)
  to   space 14848K, 0% used [0x00000000d8600000,0x00000000d8600000,0x00000000d9480000)
 ParOldGen       total 285696K, used 285693K [0x0000000080000000, 0x0000000091700000, 0x00000000d5580000)
  object space 285696K, 99% used [0x0000000080000000,0x00000000916ff618,0x0000000091700000)
 Metaspace       used 69808K, committed 71360K, reserved 1114112K
  class space    used 6902K, committed 7616K, reserved 1048576K
}
Event: 190.900 GC heap after
{Heap after GC invocations=435 (full 4):
 PSYoungGen      total 64512K, used 14430K [0x00000000d5580000, 0x00000000da700000, 0x0000000100000000)
  eden space 49664K, 0% used [0x00000000d5580000,0x00000000d5580000,0x00000000d8600000)
  from space 14848K, 97% used [0x00000000d8600000,0x00000000d9417a58,0x00000000d9480000)
  to   space 15360K, 0% used [0x00000000d9800000,0x00000000d9800000,0x00000000da700000)
 ParOldGen       total 285696K, used 285693K [0x0000000080000000, 0x0000000091700000, 0x00000000d5580000)
  object space 285696K, 99% used [0x0000000080000000,0x00000000916ff618,0x0000000091700000)
 Metaspace       used 69808K, committed 71360K, reserved 1114112K
  class space    used 6902K, committed 7616K, reserved 1048576K
}
Event: 191.370 GC heap before
{Heap before GC invocations=436 (full 4):
 PSYoungGen      total 64512K, used 64094K [0x00000000d5580000, 0x00000000da700000, 0x0000000100000000)
  eden space 49664K, 100% used [0x00000000d5580000,0x00000000d8600000,0x00000000d8600000)
  from space 14848K, 97% used [0x00000000d8600000,0x00000000d9417a58,0x00000000d9480000)
  to   space 15360K, 0% used [0x00000000d9800000,0x00000000d9800000,0x00000000da700000)
 ParOldGen       total 285696K, used 285693K [0x0000000080000000, 0x0000000091700000, 0x00000000d5580000)
  object space 285696K, 99% used [0x0000000080000000,0x00000000916ff618,0x0000000091700000)
 Metaspace       used 69819K, committed 71360K, reserved 1114112K
  class space    used 6902K, committed 7616K, reserved 1048576K
}
Event: 191.387 GC heap after
{Heap after GC invocations=436 (full 4):
 PSYoungGen      total 66048K, used 12856K [0x00000000d5580000, 0x00000000da500000, 0x0000000100000000)
  eden space 52736K, 0% used [0x00000000d5580000,0x00000000d5580000,0x00000000d8900000)
  from space 13312K, 96% used [0x00000000d9800000,0x00000000da48e300,0x00000000da500000)
  to   space 13824K, 0% used [0x00000000d8a00000,0x00000000d8a00000,0x00000000d9780000)
 ParOldGen       total 287744K, used 287466K [0x0000000080000000, 0x0000000091900000, 0x00000000d5580000)
  object space 287744K, 99% used [0x0000000080000000,0x00000000918bab08,0x0000000091900000)
 Metaspace       used 69819K, committed 71360K, reserved 1114112K
  class space    used 6902K, committed 7616K, reserved 1048576K
}
Event: 193.334 GC heap before
{Heap before GC invocations=437 (full 4):
 PSYoungGen      total 66048K, used 43504K [0x00000000d5580000, 0x00000000da500000, 0x0000000100000000)
  eden space 52736K, 58% used [0x00000000d5580000,0x00000000d736ddf8,0x00000000d8900000)
  from space 13312K, 96% used [0x00000000d9800000,0x00000000da48e300,0x00000000da500000)
  to   space 13824K, 0% used [0x00000000d8a00000,0x00000000d8a00000,0x00000000d9780000)
 ParOldGen       total 287744K, used 287466K [0x0000000080000000, 0x0000000091900000, 0x00000000d5580000)
  object space 287744K, 99% used [0x0000000080000000,0x00000000918bab08,0x0000000091900000)
 Metaspace       used 70041K, committed 71552K, reserved 1114112K
  class space    used 6917K, committed 7616K, reserved 1048576K
}
Event: 193.353 GC heap after
{Heap after GC invocations=437 (full 4):
 PSYoungGen      total 62976K, used 9827K [0x00000000d5580000, 0x00000000d9f00000, 0x0000000100000000)
  eden space 52736K, 0% used [0x00000000d5580000,0x00000000d5580000,0x00000000d8900000)
  from space 10240K, 95% used [0x00000000d8a00000,0x00000000d9398d10,0x00000000d9400000)
  to   space 11264K, 0% used [0x00000000d9400000,0x00000000d9400000,0x00000000d9f00000)
 ParOldGen       total 287744K, used 287466K [0x0000000080000000, 0x0000000091900000, 0x00000000d5580000)
  object space 287744K, 99% used [0x0000000080000000,0x00000000918bab08,0x0000000091900000)
 Metaspace       used 70041K, committed 71552K, reserved 1114112K
  class space    used 6917K, committed 7616K, reserved 1048576K
}
Event: 193.353 GC heap before
{Heap before GC invocations=438 (full 5):
 PSYoungGen      total 62976K, used 9827K [0x00000000d5580000, 0x00000000d9f00000, 0x0000000100000000)
  eden space 52736K, 0% used [0x00000000d5580000,0x00000000d5580000,0x00000000d8900000)
  from space 10240K, 95% used [0x00000000d8a00000,0x00000000d9398d10,0x00000000d9400000)
  to   space 11264K, 0% used [0x00000000d9400000,0x00000000d9400000,0x00000000d9f00000)
 ParOldGen       total 287744K, used 287466K [0x0000000080000000, 0x0000000091900000, 0x00000000d5580000)
  object space 287744K, 99% used [0x0000000080000000,0x00000000918bab08,0x0000000091900000)
 Metaspace       used 70041K, committed 71552K, reserved 1114112K
  class space    used 6917K, committed 7616K, reserved 1048576K
}
Event: 194.213 GC heap after
{Heap after GC invocations=438 (full 5):
 PSYoungGen      total 62976K, used 0K [0x00000000d5580000, 0x00000000d9f00000, 0x0000000100000000)
  eden space 52736K, 0% used [0x00000000d5580000,0x00000000d5580000,0x00000000d8900000)
  from space 10240K, 0% used [0x00000000d8a00000,0x00000000d8a00000,0x00000000d9400000)
  to   space 11264K, 0% used [0x00000000d9400000,0x00000000d9400000,0x00000000d9f00000)
 ParOldGen       total 287744K, used 107589K [0x0000000080000000, 0x0000000091900000, 0x00000000d5580000)
  object space 287744K, 37% used [0x0000000080000000,0x0000000086911718,0x0000000091900000)
 Metaspace       used 70041K, committed 71552K, reserved 1114112K
  class space    used 6917K, committed 7616K, reserved 1048576K
}
Event: 198.190 GC heap before
{Heap before GC invocations=439 (full 5):
 PSYoungGen      total 62976K, used 52736K [0x00000000d5580000, 0x00000000d9f00000, 0x0000000100000000)
  eden space 52736K, 100% used [0x00000000d5580000,0x00000000d8900000,0x00000000d8900000)
  from space 10240K, 0% used [0x00000000d8a00000,0x00000000d8a00000,0x00000000d9400000)
  to   space 11264K, 0% used [0x00000000d9400000,0x00000000d9400000,0x00000000d9f00000)
 ParOldGen       total 287744K, used 107589K [0x0000000080000000, 0x0000000091900000, 0x00000000d5580000)
  object space 287744K, 37% used [0x0000000080000000,0x0000000086911718,0x0000000091900000)
 Metaspace       used 70452K, committed 71936K, reserved 1114112K
  class space    used 6956K, committed 7616K, reserved 1048576K
}
Event: 198.195 GC heap after
{Heap after GC invocations=439 (full 5):
 PSYoungGen      total 55296K, used 352K [0x00000000d5580000, 0x00000000d9480000, 0x0000000100000000)
  eden space 54784K, 0% used [0x00000000d5580000,0x00000000d5580000,0x00000000d8b00000)
  from space 512K, 68% used [0x00000000d9400000,0x00000000d9458000,0x00000000d9480000)
  to   space 4096K, 0% used [0x00000000d8c80000,0x00000000d8c80000,0x00000000d9080000)
 ParOldGen       total 287744K, used 107597K [0x0000000080000000, 0x0000000091900000, 0x00000000d5580000)
  object space 287744K, 37% used [0x0000000080000000,0x0000000086913718,0x0000000091900000)
 Metaspace       used 70452K, committed 71936K, reserved 1114112K
  class space    used 6956K, committed 7616K, reserved 1048576K
}

