# JRE version: OpenJDK Runtime Environment Temurin-21.0.11+10 (21.0.11+10) (build 21.0.11+10-LTS)
# Java VM: OpenJDK 64-Bit Server VM Temurin-21.0.11+10 (21.0.11+10-LTS, mixed mode, sharing, tiered, compressed oops, compressed class ptrs, parallel gc, windows-amd64)
GC Precious Log:
 CardTable entry size: 512
 CPUs: 8 total, 8 available
 Memory: 7959M
 Large Page Support: Disabled
 NUMA Support: Disabled
 Compressed Oops: Enabled (32-bit)
 Alignments: Space 512K, Generation 512K, Heap 2M
 Heap Min Capacity: 100M
 Heap Initial Capacity: 100M
 Heap Max Capacity: 2G
 Pre-touch: Disabled
 Parallel Workers: 8
Heap:
 PSYoungGen      total 20992K, used 19424K [0x00000000d5580000, 0x00000000d7580000, 0x0000000100000000)
  eden space 16896K, 90% used [0x00000000d5580000,0x00000000d647cc78,0x00000000d6600000)
  from space 4096K, 99% used [0x00000000d6c80000,0x00000000d707b518,0x00000000d7080000)
  to   space 6656K, 0% used [0x00000000d6600000,0x00000000d6600000,0x00000000d6c80000)
 ParOldGen       total 68608K, used 47020K [0x0000000080000000, 0x0000000084300000, 0x00000000d5580000)
  object space 68608K, 68% used [0x0000000080000000,0x0000000082deb160,0x0000000084300000)
 Metaspace       used 45910K, committed 46976K, reserved 1114112K
  class space    used 4480K, committed 4992K, reserved 1048576K
GC Heap History (20 events):
Event: 33.121 GC heap before
{Heap before GC invocations=23 (full 2):
 PSYoungGen      total 22016K, used 21504K [0x00000000d5580000, 0x00000000d6d00000, 0x0000000100000000)
  eden space 21504K, 100% used [0x00000000d5580000,0x00000000d6a80000,0x00000000d6a80000)
  from space 512K, 0% used [0x00000000d6c80000,0x00000000d6c80000,0x00000000d6d00000)
  to   space 1024K, 0% used [0x00000000d6b00000,0x00000000d6b00000,0x00000000d6c00000)
 ParOldGen       total 68608K, used 34780K [0x0000000080000000, 0x0000000084300000, 0x00000000d5580000)
  object space 68608K, 50% used [0x0000000080000000,0x00000000821f7030,0x0000000084300000)
 Metaspace       used 36832K, committed 37824K, reserved 1114112K
  class space    used 3785K, committed 4224K, reserved 1048576K
}
Event: 33.123 GC heap after
{Heap after GC invocations=23 (full 2):
 PSYoungGen      total 22528K, used 640K [0x00000000d5580000, 0x00000000d6d00000, 0x0000000100000000)
  eden space 21504K, 0% used [0x00000000d5580000,0x00000000d5580000,0x00000000d6a80000)
  from space 1024K, 62% used [0x00000000d6b00000,0x00000000d6ba0020,0x00000000d6c00000)
  to   space 1024K, 0% used [0x00000000d6c00000,0x00000000d6c00000,0x00000000d6d00000)
 ParOldGen       total 68608K, used 34788K [0x0000000080000000, 0x0000000084300000, 0x00000000d5580000)
  object space 68608K, 50% used [0x0000000080000000,0x00000000821f9030,0x0000000084300000)
 Metaspace       used 36832K, committed 37824K, reserved 1114112K
  class space    used 3785K, committed 4224K, reserved 1048576K
}
Event: 44.331 GC heap before
{Heap before GC invocations=24 (full 2):
 PSYoungGen      total 22528K, used 22144K [0x00000000d5580000, 0x00000000d6d00000, 0x0000000100000000)
  eden space 21504K, 100% used [0x00000000d5580000,0x00000000d6a80000,0x00000000d6a80000)
  from space 1024K, 62% used [0x00000000d6b00000,0x00000000d6ba0020,0x00000000d6c00000)
  to   space 1024K, 0% used [0x00000000d6c00000,0x00000000d6c00000,0x00000000d6d00000)
 ParOldGen       total 68608K, used 34788K [0x0000000080000000, 0x0000000084300000, 0x00000000d5580000)
  object space 68608K, 50% used [0x0000000080000000,0x00000000821f9030,0x0000000084300000)
 Metaspace       used 39857K, committed 40832K, reserved 1114112K
  class space    used 4045K, committed 4480K, reserved 1048576K
}
Event: 44.336 GC heap after
{Heap after GC invocations=24 (full 2):
 PSYoungGen      total 20480K, used 1002K [0x00000000d5580000, 0x00000000d7180000, 0x0000000100000000)
  eden space 19456K, 0% used [0x00000000d5580000,0x00000000d5580000,0x00000000d6880000)
  from space 1024K, 97% used [0x00000000d6c00000,0x00000000d6cfa9d8,0x00000000d6d00000)
  to   space 3584K, 0% used [0x00000000d6880000,0x00000000d6880000,0x00000000d6c00000)
 ParOldGen       total 68608K, used 36804K [0x0000000080000000, 0x0000000084300000, 0x00000000d5580000)
  object space 68608K, 53% used [0x0000000080000000,0x00000000823f1228,0x0000000084300000)
 Metaspace       used 39857K, committed 40832K, reserved 1114112K
  class space    used 4045K, committed 4480K, reserved 1048576K
}
Event: 44.981 GC heap before
{Heap before GC invocations=25 (full 2):
 PSYoungGen      total 20480K, used 20370K [0x00000000d5580000, 0x00000000d7180000, 0x0000000100000000)
  eden space 19456K, 99% used [0x00000000d5580000,0x00000000d686a088,0x00000000d6880000)
  from space 1024K, 97% used [0x00000000d6c00000,0x00000000d6cfa9d8,0x00000000d6d00000)
  to   space 3584K, 0% used [0x00000000d6880000,0x00000000d6880000,0x00000000d6c00000)
 ParOldGen       total 68608K, used 36804K [0x0000000080000000, 0x0000000084300000, 0x00000000d5580000)
  object space 68608K, 53% used [0x0000000080000000,0x00000000823f1228,0x0000000084300000)
 Metaspace       used 39884K, committed 40832K, reserved 1114112K
  class space    used 4045K, committed 4480K, reserved 1048576K
}
Event: 44.985 GC heap after
{Heap after GC invocations=25 (full 2):
 PSYoungGen      total 20992K, used 1490K [0x00000000d5580000, 0x00000000d6c80000, 0x0000000100000000)
  eden space 19456K, 0% used [0x00000000d5580000,0x00000000d5580000,0x00000000d6880000)
  from space 1536K, 97% used [0x00000000d6880000,0x00000000d69f4aa8,0x00000000d6a00000)
  to   space 2048K, 0% used [0x00000000d6a80000,0x00000000d6a80000,0x00000000d6c80000)
 ParOldGen       total 68608K, used 37624K [0x0000000080000000, 0x0000000084300000, 0x00000000d5580000)
  object space 68608K, 54% used [0x0000000080000000,0x00000000824be280,0x0000000084300000)
 Metaspace       used 39884K, committed 40832K, reserved 1114112K
  class space    used 4045K, committed 4480K, reserved 1048576K
}
Event: 45.376 GC heap before
{Heap before GC invocations=26 (full 2):
 PSYoungGen      total 20992K, used 20946K [0x00000000d5580000, 0x00000000d6c80000, 0x0000000100000000)
  eden space 19456K, 100% used [0x00000000d5580000,0x00000000d6880000,0x00000000d6880000)
  from space 1536K, 97% used [0x00000000d6880000,0x00000000d69f4aa8,0x00000000d6a00000)
  to   space 2048K, 0% used [0x00000000d6a80000,0x00000000d6a80000,0x00000000d6c80000)
 ParOldGen       total 68608K, used 37624K [0x0000000080000000, 0x0000000084300000, 0x00000000d5580000)
  object space 68608K, 54% used [0x0000000080000000,0x00000000824be280,0x0000000084300000)
 Metaspace       used 41089K, committed 42048K, reserved 1114112K
  class space    used 4150K, committed 4608K, reserved 1048576K
}
Event: 45.379 GC heap after
{Heap after GC invocations=26 (full 2):
 PSYoungGen      total 19968K, used 224K [0x00000000d5580000, 0x00000000d6b00000, 0x0000000100000000)
  eden space 19456K, 0% used [0x00000000d5580000,0x00000000d5580000,0x00000000d6880000)
  from space 512K, 43% used [0x00000000d6a80000,0x00000000d6ab8000,0x00000000d6b00000)
  to   space 1024K, 0% used [0x00000000d6900000,0x00000000d6900000,0x00000000d6a00000)
 ParOldGen       total 68608K, used 38169K [0x0000000080000000, 0x0000000084300000, 0x00000000d5580000)
  object space 68608K, 55% used [0x0000000080000000,0x0000000082546670,0x0000000084300000)
 Metaspace       used 41089K, committed 42048K, reserved 1114112K
  class space    used 4150K, committed 4608K, reserved 1048576K
}
Event: 196.322 GC heap before
{Heap before GC invocations=27 (full 2):
 PSYoungGen      total 19968K, used 19680K [0x00000000d5580000, 0x00000000d6b00000, 0x0000000100000000)
  eden space 19456K, 100% used [0x00000000d5580000,0x00000000d6880000,0x00000000d6880000)
  from space 512K, 43% used [0x00000000d6a80000,0x00000000d6ab8000,0x00000000d6b00000)
  to   space 1024K, 0% used [0x00000000d6900000,0x00000000d6900000,0x00000000d6a00000)
 ParOldGen       total 68608K, used 38169K [0x0000000080000000, 0x0000000084300000, 0x00000000d5580000)
  object space 68608K, 55% used [0x0000000080000000,0x0000000082546670,0x0000000084300000)
 Metaspace       used 42776K, committed 43776K, reserved 1114112K
  class space    used 4306K, committed 4736K, reserved 1048576K
}
Event: 196.348 GC heap after
{Heap after GC invocations=27 (full 2):
 PSYoungGen      total 20480K, used 1024K [0x00000000d5580000, 0x00000000d6d80000, 0x0000000100000000)
  eden space 19456K, 0% used [0x00000000d5580000,0x00000000d5580000,0x00000000d6880000)
  from space 1024K, 100% used [0x00000000d6900000,0x00000000d6a00000,0x00000000d6a00000)
  to   space 2560K, 0% used [0x00000000d6b00000,0x00000000d6b00000,0x00000000d6d80000)
 ParOldGen       total 68608K, used 39283K [0x0000000080000000, 0x0000000084300000, 0x00000000d5580000)
  object space 68608K, 57% used [0x0000000080000000,0x000000008265ce58,0x0000000084300000)
 Metaspace       used 42776K, committed 43776K, reserved 1114112K
  class space    used 4306K, committed 4736K, reserved 1048576K
}
Event: 197.420 GC heap before
{Heap before GC invocations=28 (full 2):
 PSYoungGen      total 20480K, used 20480K [0x00000000d5580000, 0x00000000d6d80000, 0x0000000100000000)
  eden space 19456K, 100% used [0x00000000d5580000,0x00000000d6880000,0x00000000d6880000)
  from space 1024K, 100% used [0x00000000d6900000,0x00000000d6a00000,0x00000000d6a00000)
  to   space 2560K, 0% used [0x00000000d6b00000,0x00000000d6b00000,0x00000000d6d80000)
 ParOldGen       total 68608K, used 39283K [0x0000000080000000, 0x0000000084300000, 0x00000000d5580000)
  object space 68608K, 57% used [0x0000000080000000,0x000000008265ce58,0x0000000084300000)
 Metaspace       used 43230K, committed 44160K, reserved 1114112K
  class space    used 4353K, committed 4800K, reserved 1048576K
}
Event: 197.425 GC heap after
{Heap after GC invocations=28 (full 2):
 PSYoungGen      total 21504K, used 1854K [0x00000000d5580000, 0x00000000d6d00000, 0x0000000100000000)
  eden space 19456K, 0% used [0x00000000d5580000,0x00000000d5580000,0x00000000d6880000)
  from space 2048K, 90% used [0x00000000d6b00000,0x00000000d6ccfa20,0x00000000d6d00000)
  to   space 2048K, 0% used [0x00000000d6900000,0x00000000d6900000,0x00000000d6b00000)
 ParOldGen       total 68608K, used 40219K [0x0000000080000000, 0x0000000084300000, 0x00000000d5580000)
  object space 68608K, 58% used [0x0000000080000000,0x0000000082746e68,0x0000000084300000)
 Metaspace       used 43230K, committed 44160K, reserved 1114112K
  class space    used 4353K, committed 4800K, reserved 1048576K
}
Event: 197.728 GC heap before
{Heap before GC invocations=29 (full 2):
 PSYoungGen      total 21504K, used 21310K [0x00000000d5580000, 0x00000000d6d00000, 0x0000000100000000)
  eden space 19456K, 100% used [0x00000000d5580000,0x00000000d6880000,0x00000000d6880000)
  from space 2048K, 90% used [0x00000000d6b00000,0x00000000d6ccfa20,0x00000000d6d00000)
  to   space 2048K, 0% used [0x00000000d6900000,0x00000000d6900000,0x00000000d6b00000)
 ParOldGen       total 68608K, used 40219K [0x0000000080000000, 0x0000000084300000, 0x00000000d5580000)
  object space 68608K, 58% used [0x0000000080000000,0x0000000082746e68,0x0000000084300000)
 Metaspace       used 43461K, committed 44416K, reserved 1114112K
  class space    used 4362K, committed 4800K, reserved 1048576K
}
Event: 197.739 GC heap after
{Heap after GC invocations=29 (full 2):
 PSYoungGen      total 21504K, used 1984K [0x00000000d5580000, 0x00000000d6c80000, 0x0000000100000000)
  eden space 19456K, 0% used [0x00000000d5580000,0x00000000d5580000,0x00000000d6880000)
  from space 2048K, 96% used [0x00000000d6900000,0x00000000d6af0020,0x00000000d6b00000)
  to   space 1536K, 0% used [0x00000000d6b00000,0x00000000d6b00000,0x00000000d6c80000)
 ParOldGen       total 68608K, used 41908K [0x0000000080000000, 0x0000000084300000, 0x00000000d5580000)
  object space 68608K, 61% used [0x0000000080000000,0x00000000828ed0f0,0x0000000084300000)
 Metaspace       used 43461K, committed 44416K, reserved 1114112K
  class space    used 4362K, committed 4800K, reserved 1048576K
}
Event: 197.890 GC heap before
{Heap before GC invocations=30 (full 2):
 PSYoungGen      total 21504K, used 21440K [0x00000000d5580000, 0x00000000d6c80000, 0x0000000100000000)
  eden space 19456K, 100% used [0x00000000d5580000,0x00000000d6880000,0x00000000d6880000)
  from space 2048K, 96% used [0x00000000d6900000,0x00000000d6af0020,0x00000000d6b00000)
  to   space 1536K, 0% used [0x00000000d6b00000,0x00000000d6b00000,0x00000000d6c80000)
 ParOldGen       total 68608K, used 41908K [0x0000000080000000, 0x0000000084300000, 0x00000000d5580000)
  object space 68608K, 61% used [0x0000000080000000,0x00000000828ed0f0,0x0000000084300000)
 Metaspace       used 43634K, committed 44544K, reserved 1114112K
  class space    used 4370K, committed 4800K, reserved 1048576K
}
Event: 197.895 GC heap after
{Heap after GC invocations=30 (full 2):
 PSYoungGen      total 20992K, used 1440K [0x00000000d5580000, 0x00000000d6c80000, 0x0000000100000000)
  eden space 19456K, 0% used [0x00000000d5580000,0x00000000d5580000,0x00000000d6880000)
  from space 1536K, 93% used [0x00000000d6b00000,0x00000000d6c68020,0x00000000d6c80000)
  to   space 2048K, 0% used [0x00000000d6880000,0x00000000d6880000,0x00000000d6a80000)
 ParOldGen       total 68608K, used 43684K [0x0000000080000000, 0x0000000084300000, 0x00000000d5580000)
  object space 68608K, 63% used [0x0000000080000000,0x0000000082aa9390,0x0000000084300000)
 Metaspace       used 43634K, committed 44544K, reserved 1114112K
  class space    used 4370K, committed 4800K, reserved 1048576K
}
Event: 198.393 GC heap before
{Heap before GC invocations=31 (full 2):
 PSYoungGen      total 20992K, used 20896K [0x00000000d5580000, 0x00000000d6c80000, 0x0000000100000000)
  eden space 19456K, 100% used [0x00000000d5580000,0x00000000d6880000,0x00000000d6880000)
  from space 1536K, 93% used [0x00000000d6b00000,0x00000000d6c68020,0x00000000d6c80000)
  to   space 2048K, 0% used [0x00000000d6880000,0x00000000d6880000,0x00000000d6a80000)
 ParOldGen       total 68608K, used 43684K [0x0000000080000000, 0x0000000084300000, 0x00000000d5580000)
  object space 68608K, 63% used [0x0000000080000000,0x0000000082aa9390,0x0000000084300000)
 Metaspace       used 44570K, committed 45568K, reserved 1114112K
  class space    used 4428K, committed 4928K, reserved 1048576K
}
Event: 198.401 GC heap after
{Heap after GC invocations=31 (full 2):
 PSYoungGen      total 21504K, used 2045K [0x00000000d5580000, 0x00000000d7080000, 0x0000000100000000)
  eden space 19456K, 0% used [0x00000000d5580000,0x00000000d5580000,0x00000000d6880000)
  from space 2048K, 99% used [0x00000000d6880000,0x00000000d6a7f618,0x00000000d6a80000)
  to   space 4096K, 0% used [0x00000000d6c80000,0x00000000d6c80000,0x00000000d7080000)
 ParOldGen       total 68608K, used 45015K [0x0000000080000000, 0x0000000084300000, 0x00000000d5580000)
  object space 68608K, 65% used [0x0000000080000000,0x0000000082bf5c68,0x0000000084300000)
 Metaspace       used 44570K, committed 45568K, reserved 1114112K
  class space    used 4428K, committed 4928K, reserved 1048576K
}
Event: 199.355 GC heap before
{Heap before GC invocations=32 (full 2):
 PSYoungGen      total 21504K, used 21501K [0x00000000d5580000, 0x00000000d7080000, 0x0000000100000000)
  eden space 19456K, 99% used [0x00000000d5580000,0x00000000d687fff0,0x00000000d6880000)
  from space 2048K, 99% used [0x00000000d6880000,0x00000000d6a7f618,0x00000000d6a80000)
  to   space 4096K, 0% used [0x00000000d6c80000,0x00000000d6c80000,0x00000000d7080000)
 ParOldGen       total 68608K, used 45015K [0x0000000080000000, 0x0000000084300000, 0x00000000d5580000)
  object space 68608K, 65% used [0x0000000080000000,0x0000000082bf5c68,0x0000000084300000)
 Metaspace       used 45477K, committed 46528K, reserved 1114112K
  class space    used 4471K, committed 4992K, reserved 1048576K
}
Event: 199.365 GC heap after
{Heap after GC invocations=32 (full 2):
 PSYoungGen      total 20992K, used 4077K [0x00000000d5580000, 0x00000000d7580000, 0x0000000100000000)
  eden space 16896K, 0% used [0x00000000d5580000,0x00000000d5580000,0x00000000d6600000)
  from space 4096K, 99% used [0x00000000d6c80000,0x00000000d707b518,0x00000000d7080000)
  to   space 6656K, 0% used [0x00000000d6600000,0x00000000d6600000,0x00000000d6c80000)
 ParOldGen       total 68608K, used 47020K [0x0000000080000000, 0x0000000084300000, 0x00000000d5580000)
  object space 68608K, 68% used [0x0000000080000000,0x0000000082deb160,0x0000000084300000)
 Metaspace       used 45477K, committed 46528K, reserved 1114112K
  class space    used 4471K, committed 4992K, reserved 1048576K
}

