# JRE version: OpenJDK Runtime Environment Temurin-21.0.11+10 (21.0.11+10) (build 21.0.11+10-LTS)
# Java VM: OpenJDK 64-Bit Server VM Temurin-21.0.11+10 (21.0.11+10-LTS, mixed mode, sharing, tiered, compressed oops, compressed class ptrs, parallel gc, windows-amd64)
GC Precious Log:
 CardTable entry size: 512
 CPUs: 8 total, 8 available
 Memory: 7959M
 Large Page Support: Disabled
 NUMA Support: Disabled
 Compressed Oops: Enabled (32-bit)
 Alignments: Space 512K, Generation 512K, Heap 2M
 Heap Min Capacity: 100M
 Heap Initial Capacity: 100M
 Heap Max Capacity: 2G
 Pre-touch: Disabled
 Parallel Workers: 8
Heap:
 PSYoungGen      total 6656K, used 552K [0x00000000d5580000, 0x00000000d5e00000, 0x0000000100000000)
  eden space 6144K, 1% used [0x00000000d5580000,0x00000000d559a1f8,0x00000000d5b80000)
  from space 512K, 87% used [0x00000000d5d80000,0x00000000d5df0000,0x00000000d5e00000)
  to   space 512K, 0% used [0x00000000d5d00000,0x00000000d5d00000,0x00000000d5d80000)
 ParOldGen       total 831488K, used 831292K [0x0000000080000000, 0x00000000b2c00000, 0x00000000d5580000)
  object space 831488K, 99% used [0x0000000080000000,0x00000000b2bcf120,0x00000000b2c00000)
 Metaspace       used 90330K, committed 92288K, reserved 1179648K
  class space    used 9051K, committed 9984K, reserved 1048576K
GC Heap History (20 events):
Event: 1943.960 GC heap before
{Heap before GC invocations=4226 (full 6):
 PSYoungGen      total 6656K, used 6545K [0x00000000d5580000, 0x00000000d5e80000, 0x0000000100000000)
  eden space 6144K, 100% used [0x00000000d5580000,0x00000000d5b80000,0x00000000d5b80000)
  from space 512K, 78% used [0x00000000d5e00000,0x00000000d5e645c8,0x00000000d5e80000)
  to   space 512K, 0% used [0x00000000d5d80000,0x00000000d5d80000,0x00000000d5e00000)
 ParOldGen       total 827904K, used 827903K [0x0000000080000000, 0x00000000b2880000, 0x00000000d5580000)
  object space 827904K, 99% used [0x0000000080000000,0x00000000b287fc78,0x00000000b2880000)
 Metaspace       used 88942K, committed 90752K, reserved 1179648K
  class space    used 8826K, committed 9664K, reserved 1048576K
}
Event: 1943.963 GC heap after
{Heap after GC invocations=4226 (full 6):
 PSYoungGen      total 6656K, used 256K [0x00000000d5580000, 0x00000000d5e80000, 0x0000000100000000)
  eden space 6144K, 0% used [0x00000000d5580000,0x00000000d5580000,0x00000000d5b80000)
  from space 512K, 50% used [0x00000000d5d80000,0x00000000d5dc0000,0x00000000d5e00000)
  to   space 512K, 0% used [0x00000000d5e00000,0x00000000d5e00000,0x00000000d5e80000)
 ParOldGen       total 828416K, used 828112K [0x0000000080000000, 0x00000000b2900000, 0x00000000d5580000)
  object space 828416K, 99% used [0x0000000080000000,0x00000000b28b4240,0x00000000b2900000)
 Metaspace       used 88942K, committed 90752K, reserved 1179648K
  class space    used 8826K, committed 9664K, reserved 1048576K
}
Event: 1944.204 GC heap before
{Heap before GC invocations=4227 (full 6):
 PSYoungGen      total 6656K, used 6400K [0x00000000d5580000, 0x00000000d5e80000, 0x0000000100000000)
  eden space 6144K, 100% used [0x00000000d5580000,0x00000000d5b80000,0x00000000d5b80000)
  from space 512K, 50% used [0x00000000d5d80000,0x00000000d5dc0000,0x00000000d5e00000)
  to   space 512K, 0% used [0x00000000d5e00000,0x00000000d5e00000,0x00000000d5e80000)
 ParOldGen       total 828416K, used 828112K [0x0000000080000000, 0x00000000b2900000, 0x00000000d5580000)
  object space 828416K, 99% used [0x0000000080000000,0x00000000b28b4240,0x00000000b2900000)
 Metaspace       used 89495K, committed 91328K, reserved 1179648K
  class space    used 8947K, committed 9792K, reserved 1048576K
}
Event: 1944.209 GC heap after
{Heap after GC invocations=4227 (full 6):
 PSYoungGen      total 6656K, used 256K [0x00000000d5580000, 0x00000000d5e80000, 0x0000000100000000)
  eden space 6144K, 0% used [0x00000000d5580000,0x00000000d5580000,0x00000000d5b80000)
  from space 512K, 50% used [0x00000000d5e00000,0x00000000d5e40000,0x00000000d5e80000)
  to   space 512K, 0% used [0x00000000d5d80000,0x00000000d5d80000,0x00000000d5e00000)
 ParOldGen       total 828416K, used 828248K [0x0000000080000000, 0x00000000b2900000, 0x00000000d5580000)
  object space 828416K, 99% used [0x0000000080000000,0x00000000b28d6270,0x00000000b2900000)
 Metaspace       used 89495K, committed 91328K, reserved 1179648K
  class space    used 8947K, committed 9792K, reserved 1048576K
}
Event: 1944.379 GC heap before
{Heap before GC invocations=4228 (full 6):
 PSYoungGen      total 6656K, used 6400K [0x00000000d5580000, 0x00000000d5e80000, 0x0000000100000000)
  eden space 6144K, 100% used [0x00000000d5580000,0x00000000d5b80000,0x00000000d5b80000)
  from space 512K, 50% used [0x00000000d5e00000,0x00000000d5e40000,0x00000000d5e80000)
  to   space 512K, 0% used [0x00000000d5d80000,0x00000000d5d80000,0x00000000d5e00000)
 ParOldGen       total 828416K, used 828248K [0x0000000080000000, 0x00000000b2900000, 0x00000000d5580000)
  object space 828416K, 99% used [0x0000000080000000,0x00000000b28d6270,0x00000000b2900000)
 Metaspace       used 90009K, committed 91968K, reserved 1179648K
  class space    used 9012K, committed 9920K, reserved 1048576K
}
Event: 1944.382 GC heap after
{Heap after GC invocations=4228 (full 6):
 PSYoungGen      total 6656K, used 320K [0x00000000d5580000, 0x00000000d5e80000, 0x0000000100000000)
  eden space 6144K, 0% used [0x00000000d5580000,0x00000000d5580000,0x00000000d5b80000)
  from space 512K, 62% used [0x00000000d5d80000,0x00000000d5dd0000,0x00000000d5e00000)
  to   space 512K, 0% used [0x00000000d5e00000,0x00000000d5e00000,0x00000000d5e80000)
 ParOldGen       total 828416K, used 828336K [0x0000000080000000, 0x00000000b2900000, 0x00000000d5580000)
  object space 828416K, 99% used [0x0000000080000000,0x00000000b28ec270,0x00000000b2900000)
 Metaspace       used 90009K, committed 91968K, reserved 1179648K
  class space    used 9012K, committed 9920K, reserved 1048576K
}
Event: 1946.263 GC heap before
{Heap before GC invocations=4229 (full 6):
 PSYoungGen      total 6656K, used 6464K [0x00000000d5580000, 0x00000000d5e80000, 0x0000000100000000)
  eden space 6144K, 100% used [0x00000000d5580000,0x00000000d5b80000,0x00000000d5b80000)
  from space 512K, 62% used [0x00000000d5d80000,0x00000000d5dd0000,0x00000000d5e00000)
  to   space 512K, 0% used [0x00000000d5e00000,0x00000000d5e00000,0x00000000d5e80000)
 ParOldGen       total 828416K, used 828336K [0x0000000080000000, 0x00000000b2900000, 0x00000000d5580000)
  object space 828416K, 99% used [0x0000000080000000,0x00000000b28ec270,0x00000000b2900000)
 Metaspace       used 90258K, committed 92160K, reserved 1179648K
  class space    used 9040K, committed 9920K, reserved 1048576K
}
Event: 1946.267 GC heap after
{Heap after GC invocations=4229 (full 6):
 PSYoungGen      total 6656K, used 506K [0x00000000d5580000, 0x00000000d5e80000, 0x0000000100000000)
  eden space 6144K, 0% used [0x00000000d5580000,0x00000000d5580000,0x00000000d5b80000)
  from space 512K, 98% used [0x00000000d5e00000,0x00000000d5e7e900,0x00000000d5e80000)
  to   space 1024K, 0% used [0x00000000d5c80000,0x00000000d5c80000,0x00000000d5d80000)
 ParOldGen       total 828928K, used 828536K [0x0000000080000000, 0x00000000b2980000, 0x00000000d5580000)
  object space 828928K, 99% used [0x0000000080000000,0x00000000b291e280,0x00000000b2980000)
 Metaspace       used 90258K, committed 92160K, reserved 1179648K
  class space    used 9040K, committed 9920K, reserved 1048576K
}
Event: 2066.351 GC heap before
{Heap before GC invocations=4230 (full 6):
 PSYoungGen      total 6656K, used 6650K [0x00000000d5580000, 0x00000000d5e80000, 0x0000000100000000)
  eden space 6144K, 100% used [0x00000000d5580000,0x00000000d5b80000,0x00000000d5b80000)
  from space 512K, 98% used [0x00000000d5e00000,0x00000000d5e7e900,0x00000000d5e80000)
  to   space 1024K, 0% used [0x00000000d5c80000,0x00000000d5c80000,0x00000000d5d80000)
 ParOldGen       total 828928K, used 828536K [0x0000000080000000, 0x00000000b2980000, 0x00000000d5580000)
  object space 828928K, 99% used [0x0000000080000000,0x00000000b291e280,0x00000000b2980000)
 Metaspace       used 90316K, committed 92288K, reserved 1179648K
  class space    used 9051K, committed 9984K, reserved 1048576K
}
Event: 2066.373 GC heap after
{Heap after GC invocations=4230 (full 6):
 PSYoungGen      total 7168K, used 845K [0x00000000d5580000, 0x00000000d5e80000, 0x0000000100000000)
  eden space 6144K, 0% used [0x00000000d5580000,0x00000000d5580000,0x00000000d5b80000)
  from space 1024K, 82% used [0x00000000d5c80000,0x00000000d5d53510,0x00000000d5d80000)
  to   space 1024K, 0% used [0x00000000d5d80000,0x00000000d5d80000,0x00000000d5e80000)
 ParOldGen       total 829440K, used 828997K [0x0000000080000000, 0x00000000b2a00000, 0x00000000d5580000)
  object space 829440K, 99% used [0x0000000080000000,0x00000000b29914b0,0x00000000b2a00000)
 Metaspace       used 90316K, committed 92288K, reserved 1179648K
  class space    used 9051K, committed 9984K, reserved 1048576K
}
Event: 2066.556 GC heap before
{Heap before GC invocations=4231 (full 6):
 PSYoungGen      total 7168K, used 6989K [0x00000000d5580000, 0x00000000d5e80000, 0x0000000100000000)
  eden space 6144K, 100% used [0x00000000d5580000,0x00000000d5b80000,0x00000000d5b80000)
  from space 1024K, 82% used [0x00000000d5c80000,0x00000000d5d53510,0x00000000d5d80000)
  to   space 1024K, 0% used [0x00000000d5d80000,0x00000000d5d80000,0x00000000d5e80000)
 ParOldGen       total 829440K, used 828997K [0x0000000080000000, 0x00000000b2a00000, 0x00000000d5580000)
  object space 829440K, 99% used [0x0000000080000000,0x00000000b29914b0,0x00000000b2a00000)
 Metaspace       used 90316K, committed 92288K, reserved 1179648K
  class space    used 9051K, committed 9984K, reserved 1048576K
}
Event: 2066.561 GC heap after
{Heap after GC invocations=4231 (full 6):
 PSYoungGen      total 7168K, used 1022K [0x00000000d5580000, 0x00000000d5e80000, 0x0000000100000000)
  eden space 6144K, 0% used [0x00000000d5580000,0x00000000d5580000,0x00000000d5b80000)
  from space 1024K, 99% used [0x00000000d5d80000,0x00000000d5e7fa18,0x00000000d5e80000)
  to   space 1536K, 0% used [0x00000000d5b80000,0x00000000d5b80000,0x00000000d5d00000)
 ParOldGen       total 829440K, used 829393K [0x0000000080000000, 0x00000000b2a00000, 0x00000000d5580000)
  object space 829440K, 99% used [0x0000000080000000,0x00000000b29f4418,0x00000000b2a00000)
 Metaspace       used 90316K, committed 92288K, reserved 1179648K
  class space    used 9051K, committed 9984K, reserved 1048576K
}
Event: 2070.868 GC heap before
{Heap before GC invocations=4232 (full 6):
 PSYoungGen      total 7168K, used 7166K [0x00000000d5580000, 0x00000000d5e80000, 0x0000000100000000)
  eden space 6144K, 99% used [0x00000000d5580000,0x00000000d5b7fff0,0x00000000d5b80000)
  from space 1024K, 99% used [0x00000000d5d80000,0x00000000d5e7fa18,0x00000000d5e80000)
  to   space 1536K, 0% used [0x00000000d5b80000,0x00000000d5b80000,0x00000000d5d00000)
 ParOldGen       total 829440K, used 829393K [0x0000000080000000, 0x00000000b2a00000, 0x00000000d5580000)
  object space 829440K, 99% used [0x0000000080000000,0x00000000b29f4418,0x00000000b2a00000)
 Metaspace       used 90319K, committed 92288K, reserved 1179648K
  class space    used 9051K, committed 9984K, reserved 1048576K
}
Event: 2070.880 GC heap after
{Heap after GC invocations=4232 (full 6):
 PSYoungGen      total 7680K, used 1512K [0x00000000d5580000, 0x00000000d6080000, 0x0000000100000000)
  eden space 6144K, 0% used [0x00000000d5580000,0x00000000d5580000,0x00000000d5b80000)
  from space 1536K, 98% used [0x00000000d5b80000,0x00000000d5cfa010,0x00000000d5d00000)
  to   space 2560K, 0% used [0x00000000d5e00000,0x00000000d5e00000,0x00000000d6080000)
 ParOldGen       total 830464K, used 830151K [0x0000000080000000, 0x00000000b2b00000, 0x00000000d5580000)
  object space 830464K, 99% used [0x0000000080000000,0x00000000b2ab1f10,0x00000000b2b00000)
 Metaspace       used 90319K, committed 92288K, reserved 1179648K
  class space    used 9051K, committed 9984K, reserved 1048576K
}
Event: 16504.190 GC heap before
{Heap before GC invocations=4233 (full 6):
 PSYoungGen      total 7680K, used 7656K [0x00000000d5580000, 0x00000000d6080000, 0x0000000100000000)
  eden space 6144K, 100% used [0x00000000d5580000,0x00000000d5b80000,0x00000000d5b80000)
  from space 1536K, 98% used [0x00000000d5b80000,0x00000000d5cfa010,0x00000000d5d00000)
  to   space 2560K, 0% used [0x00000000d5e00000,0x00000000d5e00000,0x00000000d6080000)
 ParOldGen       total 830464K, used 830151K [0x0000000080000000, 0x00000000b2b00000, 0x00000000d5580000)
  object space 830464K, 99% used [0x0000000080000000,0x00000000b2ab1f10,0x00000000b2b00000)
 Metaspace       used 90325K, committed 92288K, reserved 1179648K
  class space    used 9051K, committed 9984K, reserved 1048576K
}
Event: 16506.908 GC heap after
{Heap after GC invocations=4233 (full 6):
 PSYoungGen      total 6656K, used 352K [0x00000000d5580000, 0x00000000d5e80000, 0x0000000100000000)
  eden space 6144K, 0% used [0x00000000d5580000,0x00000000d5580000,0x00000000d5b80000)
  from space 512K, 68% used [0x00000000d5e00000,0x00000000d5e58000,0x00000000d5e80000)
  to   space 1536K, 0% used [0x00000000d5b80000,0x00000000d5b80000,0x00000000d5d00000)
 ParOldGen       total 831488K, used 831292K [0x0000000080000000, 0x00000000b2c00000, 0x00000000d5580000)
  object space 831488K, 99% used [0x0000000080000000,0x00000000b2bcf120,0x00000000b2c00000)
 Metaspace       used 90325K, committed 92288K, reserved 1179648K
  class space    used 9051K, committed 9984K, reserved 1048576K
}
Event: 16507.035 GC heap before
{Heap before GC invocations=4234 (full 6):
 PSYoungGen      total 6656K, used 6496K [0x00000000d5580000, 0x00000000d5e80000, 0x0000000100000000)
  eden space 6144K, 100% used [0x00000000d5580000,0x00000000d5b80000,0x00000000d5b80000)
  from space 512K, 68% used [0x00000000d5e00000,0x00000000d5e58000,0x00000000d5e80000)
  to   space 1536K, 0% used [0x00000000d5b80000,0x00000000d5b80000,0x00000000d5d00000)
 ParOldGen       total 831488K, used 831292K [0x0000000080000000, 0x00000000b2c00000, 0x00000000d5580000)
  object space 831488K, 99% used [0x0000000080000000,0x00000000b2bcf120,0x00000000b2c00000)
 Metaspace       used 90325K, committed 92288K, reserved 1179648K
  class space    used 9051K, committed 9984K, reserved 1048576K
}
Event: 16507.040 GC heap after
{Heap after GC invocations=4234 (full 6):
 PSYoungGen      total 7680K, used 448K [0x00000000d5580000, 0x00000000d5e80000, 0x0000000100000000)
  eden space 6144K, 0% used [0x00000000d5580000,0x00000000d5580000,0x00000000d5b80000)
  from space 1536K, 29% used [0x00000000d5b80000,0x00000000d5bf0000,0x00000000d5d00000)
  to   space 1024K, 0% used [0x00000000d5d80000,0x00000000d5d80000,0x00000000d5e80000)
 ParOldGen       total 831488K, used 831292K [0x0000000080000000, 0x00000000b2c00000, 0x00000000d5580000)
  object space 831488K, 99% used [0x0000000080000000,0x00000000b2bcf120,0x00000000b2c00000)
 Metaspace       used 90325K, committed 92288K, reserved 1179648K
  class space    used 9051K, committed 9984K, reserved 1048576K
}
Event: 27373.011 GC heap before
{Heap before GC invocations=4235 (full 6):
 PSYoungGen      total 7680K, used 6592K [0x00000000d5580000, 0x00000000d5e80000, 0x0000000100000000)
  eden space 6144K, 100% used [0x00000000d5580000,0x00000000d5b80000,0x00000000d5b80000)
  from space 1536K, 29% used [0x00000000d5b80000,0x00000000d5bf0000,0x00000000d5d00000)
  to   space 1024K, 0% used [0x00000000d5d80000,0x00000000d5d80000,0x00000000d5e80000)
 ParOldGen       total 831488K, used 831292K [0x0000000080000000, 0x00000000b2c00000, 0x00000000d5580000)
  object space 831488K, 99% used [0x0000000080000000,0x00000000b2bcf120,0x00000000b2c00000)
 Metaspace       used 90330K, committed 92288K, reserved 1179648K
  class space    used 9051K, committed 9984K, reserved 1048576K
}
Event: 27374.698 GC heap after
{Heap after GC invocations=4235 (full 6):
 PSYoungGen      total 6656K, used 448K [0x00000000d5580000, 0x00000000d5e00000, 0x0000000100000000)
  eden space 6144K, 0% used [0x00000000d5580000,0x00000000d5580000,0x00000000d5b80000)
  from space 512K, 87% used [0x00000000d5d80000,0x00000000d5df0000,0x00000000d5e00000)
  to   space 512K, 0% used [0x00000000d5d00000,0x00000000d5d00000,0x00000000d5d80000)
 ParOldGen       total 831488K, used 831292K [0x0000000080000000, 0x00000000b2c00000, 0x00000000d5580000)
  object space 831488K, 99% used [0x0000000080000000,0x00000000b2bcf120,0x00000000b2c00000)
 Metaspace       used 90330K, committed 92288K, reserved 1179648K
  class space    used 9051K, committed 9984K, reserved 1048576K
}

